[2024-04-10 17:49:28,277] {task_7.py:35} INFO - | 0.0 | GET | http://localhost:8000/docs | 200 |
[2024-04-10 17:49:28,815] {task_7.py:35} INFO - | 0.11 | GET | http://localhost:8000/openapi.json | 200 |
[2024-04-10 17:50:26,780] {task_7.py:35} INFO - | 0.01 | POST | http://localhost:8000/generate_file | 200 |
[2024-04-10 17:52:08,811] {task_7.py:35} INFO - | 0.0 | GET | http://localhost:8000/new_request | 200 |
[2024-04-10 17:52:11,641] {task_7.py:35} INFO - | 0.0 | GET | http://localhost:8000/new_request | 200 |
[2024-04-10 17:52:11,944] {task_7.py:35} INFO - | 0.0 | GET | http://localhost:8000/new_request | 200 |
[2024-04-10 17:52:12,173] {task_7.py:35} INFO - | 0.0 | GET | http://localhost:8000/new_request | 200 |
[2024-04-10 17:52:12,339] {task_7.py:35} INFO - | 0.0 | GET | http://localhost:8000/new_request | 200 |
[2024-04-10 17:52:12,506] {task_7.py:35} INFO - | 0.0 | GET | http://localhost:8000/new_request | 200 |
[2024-04-10 17:54:06,706] {task_7.py:35} INFO - | 0.0 | GET | http://127.0.0.1:8000/docs | 200 |
[2024-04-11 20:12:42,213] {task_7.py:35} INFO - | 0.0 | GET | http://localhost:8000/ | 404 |
[2024-04-11 20:12:42,226] {task_7.py:35} INFO - | 0.0 | GET | http://localhost:8000/favicon.ico | 404 |
[2024-04-11 20:12:47,068] {task_7.py:35} INFO - | 0.0 | GET | http://localhost:8000/docs | 200 |
[2024-04-11 20:12:47,448] {task_7.py:35} INFO - | 0.0 | GET | http://localhost:8000/openapi.json | 200 |
[2024-04-11 20:15:46,214] {task_7.py:35} INFO - | 0.0 | GET | http://localhost:8000/docs | 200 |
[2024-04-11 20:15:46,303] {task_7.py:35} INFO - | 0.0 | GET | http://localhost:8000/openapi.json | 200 |
[2024-04-11 20:15:47,086] {task_7.py:35} INFO - | 0.0 | GET | http://localhost:8000/docs | 200 |
[2024-04-11 20:15:47,124] {task_7.py:35} INFO - | 0.0 | GET | http://localhost:8000/openapi.json | 200 |
[2024-04-11 20:16:05,158] {task_7.py:35} INFO - | 0.0 | POST | http://localhost:8000/check_json | 422 |
[2024-04-11 20:24:07,915] {task_7.py:35} INFO - | 0.0 | GET | http://localhost:8000/docs | 200 |
[2024-04-11 20:24:07,994] {task_7.py:35} INFO - | 0.0 | GET | http://localhost:8000/openapi.json | 200 |
[2024-04-11 20:24:43,718] {task_7.py:35} INFO - | 0.0 | POST | http://localhost:8000/check_json | 422 |
[2024-04-11 20:25:06,060] {task_7.py:35} INFO - | 0.0 | POST | http://localhost:8000/check_json | 422 |
[2024-04-11 20:25:09,301] {task_7.py:35} INFO - | 0.0 | POST | http://localhost:8000/check_json | 422 |
[2024-04-11 20:25:15,766] {task_7.py:35} INFO - | 0.0 | POST | http://localhost:8000/check_json | 200 |
[2024-04-11 20:25:30,192] {task_7.py:35} INFO - | 0.0 | POST | http://localhost:8000/check_json | 422 |
[2024-04-11 20:32:09,087] {task_7.py:35} INFO - | 0.0 | GET | http://localhost:8000/docs | 200 |
[2024-04-11 20:32:09,164] {task_7.py:35} INFO - | 0.0 | GET | http://localhost:8000/openapi.json | 200 |
[2024-04-11 20:32:25,094] {task_7.py:35} INFO - | 0.0 | GET | http://localhost:8000/docs | 200 |
[2024-04-11 20:32:25,155] {task_7.py:35} INFO - | 0.0 | GET | http://localhost:8000/openapi.json | 200 |
[2024-04-11 20:32:35,017] {task_7.py:35} INFO - | 0.0 | POST | http://localhost:8000/check_json | 200 |
[2024-04-11 20:33:21,864] {task_7.py:35} INFO - | 0.0 | GET | http://localhost:8000/docs | 200 |
[2024-04-11 20:33:21,919] {task_7.py:35} INFO - | 0.0 | GET | http://localhost:8000/openapi.json | 200 |
[2024-04-11 20:33:31,250] {task_7.py:35} INFO - | 0.0 | POST | http://localhost:8000/check_json | 200 |
[2024-04-11 20:34:24,829] {task_7.py:35} INFO - | 0.0 | GET | http://localhost:8000/docs | 200 |
[2024-04-11 20:34:24,879] {task_7.py:35} INFO - | 0.0 | GET | http://localhost:8000/openapi.json | 200 |
[2024-04-11 20:34:29,754] {task_7.py:35} INFO - | 0.0 | POST | http://localhost:8000/check_json | 200 |
[2024-04-11 20:34:35,401] {task_7.py:35} INFO - | 0.0 | POST | http://localhost:8000/check_json | 200 |
[2024-04-11 20:35:34,552] {task_7.py:35} INFO - | 0.0 | GET | http://localhost:8000/docs | 200 |
[2024-04-11 20:35:34,627] {task_7.py:35} INFO - | 0.0 | GET | http://localhost:8000/openapi.json | 200 |
[2024-04-11 20:35:40,216] {task_7.py:35} INFO - | 0.0 | POST | http://localhost:8000/check_json | 200 |
[2024-04-11 20:35:47,218] {task_7.py:35} INFO - | 0.0 | POST | http://localhost:8000/check_json | 200 |
[2024-04-11 20:36:11,361] {task_7.py:35} INFO - | 0.0 | POST | http://localhost:8000/check_json | 200 |
[2024-04-11 20:37:21,219] {task_7.py:35} INFO - | 0.0 | GET | http://localhost:8000/docs | 200 |
[2024-04-11 20:37:21,295] {task_7.py:35} INFO - | 0.0 | GET | http://localhost:8000/openapi.json | 200 |
[2024-04-11 20:37:43,748] {task_7.py:35} INFO - | 0.0 | POST | http://localhost:8000/check_json | 422 |
[2024-04-11 20:38:22,529] {task_7.py:35} INFO - | 0.0 | POST | http://localhost:8000/check_json | 200 |
[2024-04-11 20:39:48,698] {task_7.py:35} INFO - | 0.0 | GET | http://localhost:8000/docs | 200 |
[2024-04-11 20:39:48,772] {task_7.py:35} INFO - | 0.0 | GET | http://localhost:8000/openapi.json | 200 |
[2024-04-11 20:39:59,322] {task_7.py:35} INFO - | 0.0 | POST | http://localhost:8000/check_json | 200 |
[2024-04-11 20:40:33,622] {task_7.py:35} INFO - | 0.0 | GET | http://localhost:8000/docs | 200 |
[2024-04-11 20:40:36,916] {task_7.py:35} INFO - | 0.0 | GET | http://localhost:8000/docs | 200 |
[2024-04-11 20:41:01,582] {task_7.py:35} INFO - | 0.0 | GET | http://localhost:8000/docs | 200 |
[2024-04-11 20:41:01,626] {task_7.py:35} INFO - | 0.0 | GET | http://localhost:8000/openapi.json | 200 |
[2024-04-11 20:45:18,166] {task_7.py:35} INFO - | 0.0 | GET | http://localhost:8000/docs | 200 |
[2024-04-11 20:45:18,242] {task_7.py:35} INFO - | 0.0 | GET | http://localhost:8000/openapi.json | 200 |
[2024-04-11 20:45:35,397] {task_7.py:35} INFO - | 0.0 | POST | http://localhost:8000/check_json | 422 |
[2024-04-11 20:46:26,901] {task_7.py:35} INFO - | 0.0 | POST | http://localhost:8000/check_json | 200 |
[2024-04-11 20:46:30,495] {task_7.py:35} INFO - | 0.0 | POST | http://localhost:8000/check_json | 422 |
[2024-04-11 20:48:19,350] {task_7.py:35} INFO - | 0.0 | GET | http://localhost:8000/docs | 200 |
[2024-04-11 20:48:20,632] {task_7.py:35} INFO - | 0.0 | GET | http://localhost:8000/openapi.json | 200 |
[2024-04-11 20:48:39,035] {task_7.py:35} INFO - | 0.0 | GET | http://localhost:8000/docs | 200 |
[2024-04-11 20:48:39,081] {task_7.py:35} INFO - | 0.0 | GET | http://localhost:8000/openapi.json | 200 |
[2024-04-11 20:48:56,019] {task_7.py:35} INFO - | 0.0 | POST | http://localhost:8000/check_json | 200 |
[2024-04-11 20:49:03,230] {task_7.py:35} INFO - | 0.0 | POST | http://localhost:8000/check_json | 422 |
[2024-04-11 20:50:50,710] {task_7.py:35} INFO - | 0.0 | POST | http://localhost:8000/check_json | 422 |
[2024-04-11 20:50:55,783] {task_7.py:35} INFO - | 0.0 | POST | http://localhost:8000/check_json | 200 |
[2024-04-11 20:50:58,797] {task_7.py:35} INFO - | 0.0 | POST | http://localhost:8000/check_json | 422 |
[2024-04-11 20:51:58,141] {task_7.py:35} INFO - | 0.0 | GET | http://localhost:8000/docs | 200 |
[2024-04-11 20:51:58,213] {task_7.py:35} INFO - | 0.0 | GET | http://localhost:8000/openapi.json | 200 |
[2024-04-11 20:52:07,016] {task_7.py:35} INFO - | 0.0 | POST | http://localhost:8000/check_json | 200 |
[2024-04-11 20:52:24,890] {task_7.py:35} INFO - | 0.0 | POST | http://localhost:8000/check_json | 200 |
[2024-04-11 20:52:30,082] {task_7.py:35} INFO - | 0.0 | POST | http://localhost:8000/check_json | 200 |
[2024-04-11 20:52:42,601] {task_7.py:35} INFO - | 0.0 | POST | http://localhost:8000/check_json | 422 |
[2024-04-11 20:53:29,946] {task_7.py:35} INFO - | 0.0 | POST | http://localhost:8000/check_json | 422 |
[2024-04-11 20:53:43,968] {task_7.py:35} INFO - | 0.0 | POST | http://localhost:8000/check_json | 422 |
[2024-04-11 20:53:53,512] {task_7.py:35} INFO - | 0.0 | POST | http://localhost:8000/check_json | 200 |
[2024-04-11 20:54:11,716] {task_7.py:35} INFO - | 0.0 | POST | http://localhost:8000/check_json | 200 |
[2024-04-11 20:54:15,663] {task_7.py:35} INFO - | 0.0 | POST | http://localhost:8000/check_json | 200 |
[2024-04-11 20:54:18,208] {task_7.py:35} INFO - | 0.0 | POST | http://localhost:8000/check_json | 200 |
[2024-04-11 20:55:06,372] {task_7.py:35} INFO - | 0.0 | POST | http://localhost:8000/check_json | 200 |
[2024-04-11 20:55:35,097] {task_7.py:35} INFO - | 0.0 | POST | http://localhost:8000/check_json | 422 |
[2024-04-11 20:56:37,188] {task_7.py:35} INFO - | 0.0 | POST | http://localhost:8000/check_json | 422 |
[2024-04-11 20:56:47,020] {task_7.py:35} INFO - | 0.0 | POST | http://localhost:8000/check_json | 200 |
[2024-04-11 20:57:33,538] {task_7.py:35} INFO - | 0.0 | POST | http://localhost:8000/check_json | 422 |
[2024-04-11 20:57:44,301] {task_7.py:35} INFO - | 0.0 | POST | http://localhost:8000/check_json | 200 |
[2024-04-11 20:58:09,501] {task_7.py:35} INFO - | 0.0 | POST | http://localhost:8000/check_json | 422 |
[2024-04-11 21:00:55,099] {task_7.py:35} INFO - | 0.0 | POST | http://localhost:8000/check_json | 200 |
[2024-04-11 21:01:03,197] {task_7.py:35} INFO - | 0.0 | POST | http://localhost:8000/check_json | 422 |
[2024-04-11 21:01:54,195] {task_7.py:35} INFO - | 0.0 | POST | http://localhost:8000/check_json | 422 |
[2024-04-11 21:02:01,417] {task_7.py:35} INFO - | 0.0 | POST | http://localhost:8000/check_json | 200 |
[2024-04-11 21:02:17,892] {task_7.py:35} INFO - | 0.0 | POST | http://localhost:8000/check_json | 200 |
[2024-04-11 21:05:25,343] {task_7.py:35} INFO - | 0.0 | POST | http://localhost:8000/check_json | 200 |
[2024-04-11 21:06:02,055] {task_7.py:35} INFO - | 0.0 | GET | http://localhost:8000/docs | 200 |
[2024-04-11 21:06:02,126] {task_7.py:35} INFO - | 0.0 | GET | http://localhost:8000/openapi.json | 200 |
[2024-04-11 21:06:14,768] {task_7.py:35} INFO - | 0.0 | POST | http://localhost:8000/check_json | 422 |
[2024-04-11 21:06:22,407] {task_7.py:35} INFO - | 0.0 | POST | http://localhost:8000/check_json | 422 |
[2024-04-11 21:06:25,102] {task_7.py:35} INFO - | 0.0 | POST | http://localhost:8000/check_json | 200 |
